<?xml version="1.0" encoding="UTF-8"?>
<testsuite name="TestSuite" time="14.088" tests="5" errors="0" skipped="0" failures="0">
  <properties>
    <property name="java.runtime.name" value="Java(TM) SE Runtime Environment"/>
    <property name="sun.boot.library.path" value="C:\Program Files (x86)\Common Files\MicroStrategy\JRE\180_192\Win64\bin"/>
    <property name="java.vm.version" value="25.192-b12"/>
    <property name="java.vm.vendor" value="Oracle Corporation"/>
    <property name="maven.multiModuleProjectDirectory" value="C:\Users\Harish\eclipse-workspace\ww.assessment"/>
    <property name="java.vendor.url" value="http://java.oracle.com/"/>
    <property name="path.separator" value=";"/>
    <property name="guice.disable.misplaced.annotation.check" value="true"/>
    <property name="java.vm.name" value="Java HotSpot(TM) 64-Bit Server VM"/>
    <property name="file.encoding.pkg" value="sun.io"/>
    <property name="user.script" value=""/>
    <property name="user.country" value="US"/>
    <property name="sun.java.launcher" value="SUN_STANDARD"/>
    <property name="sun.os.patch.level" value=""/>
    <property name="java.vm.specification.name" value="Java Virtual Machine Specification"/>
    <property name="user.dir" value="C:\Users\Harish\eclipse-workspace\ww.assessment"/>
    <property name="java.runtime.version" value="1.8.0_192-b12"/>
    <property name="java.awt.graphicsenv" value="sun.awt.Win32GraphicsEnvironment"/>
    <property name="java.endorsed.dirs" value="C:\Program Files (x86)\Common Files\MicroStrategy\JRE\180_192\Win64\lib\endorsed"/>
    <property name="os.arch" value="amd64"/>
    <property name="java.io.tmpdir" value="C:\Users\Harish\AppData\Local\Temp\"/>
    <property name="line.separator" value="&#10;"/>
    <property name="java.vm.specification.vendor" value="Oracle Corporation"/>
    <property name="user.variant" value=""/>
    <property name="os.name" value="Windows 10"/>
    <property name="classworlds.conf" value="C:\Users\Harish\eclipse-workspace\.metadata\.plugins\org.eclipse.m2e.launching\launches\m2conf5923081073034038408.tmp"/>
    <property name="sun.jnu.encoding" value="Cp1252"/>
    <property name="java.library.path" value="C:\Program Files (x86)\Common Files\MicroStrategy\JRE\180_192\Win64\bin;C:\WINDOWS\Sun\Java\bin;C:\WINDOWS\system32;C:\WINDOWS;C:/Program Files (x86)/Common Files/MicroStrategy/JRE/180_192/Win64/bin/server;C:/Program Files (x86)/Common Files/MicroStrategy/JRE/180_192/Win64/bin;C:/Program Files (x86)/Common Files/MicroStrategy/JRE/180_192/Win64/lib/amd64;C:\Program Files (x86)\Common Files\Oracle\Java\javapath;C:\Program Files (x86)\Intel\iCLS Client\;C:\Program Files\Intel\iCLS Client\;C:\windows\system32;C:\windows;C:\windows\System32\Wbem;C:\windows\System32\WindowsPowerShell\v1.0\;C:\Program Files (x86)\Intel\Intel(R) Management Engine Components\DAL;C:\Program Files\Intel\Intel(R) Management Engine Components\DAL;C:\Program Files (x86)\Intel\Intel(R) Management Engine Components\IPT;C:\Program Files\Intel\Intel(R) Management Engine Components\IPT;C:\Program Files (x86)\NVIDIA Corporation\PhysX\Common;C:\WINDOWS\system32;C:\WINDOWS;C:\WINDOWS\System32\Wbem;C:\WINDOWS\System32\WindowsPowerShell\v1.0\;C:\WINDOWS\System32\OpenSSH\;C:\Program Files\Intel\WiFi\bin\;C:\Program Files\Common Files\Intel\WirelessCommon\;C:\Program Files (x86)\Common Files\MicroStrategy;C:\Program Files (x86)\MicroStrategy\Developer;C:\Program Files (x86)\MicroStrategy\Command Manager;C:\Program Files (x86)\MicroStrategy\Enterprise Manager;C:\Program Files (x86)\MicroStrategy\Integrity Manager;C:\Program Files (x86)\Common Files\MicroStrategy\JRE\180_192\Win32\bin;C:\Program Files (x86)\Common Files\MicroStrategy\JRE\180_192\Win64\bin;C:\Program Files (x86)\Common Files\MicroStrategy\JRE\180_192\Win64\bin\server;C:\Program Files (x86)\Common Files\MicroStrategy\Help\English;C:\Program Files\MicroStrategy\Workstation\DataServices\180_192\64-bit\bin\server;C:\Program Files\Git\cmd;C:\Users\Harish\AppData\Local\Microsoft\WindowsApps;;C:\WINDOWS\system32;;."/>
    <property name="java.specification.name" value="Java Platform API Specification"/>
    <property name="java.class.version" value="52.0"/>
    <property name="sun.management.compiler" value="HotSpot 64-Bit Tiered Compilers"/>
    <property name="os.version" value="10.0"/>
    <property name="user.home" value="C:\Users\Harish"/>
    <property name="user.timezone" value="Asia/Calcutta"/>
    <property name="java.awt.printerjob" value="sun.awt.windows.WPrinterJob"/>
    <property name="java.specification.version" value="1.8"/>
    <property name="file.encoding" value="Cp1252"/>
    <property name="user.name" value="Harish"/>
    <property name="java.class.path" value="C:\Users\Harish\.p2\pool\plugins\org.eclipse.m2e.maven.runtime_1.11.0.20190220-2117\jars\plexus-classworlds-2.5.2.jar"/>
    <property name="java.vm.specification.version" value="1.8"/>
    <property name="sun.arch.data.model" value="64"/>
    <property name="java.home" value="C:\Program Files (x86)\Common Files\MicroStrategy\JRE\180_192\Win64"/>
    <property name="sun.java.command" value="org.codehaus.plexus.classworlds.launcher.Launcher -B test"/>
    <property name="java.specification.vendor" value="Oracle Corporation"/>
    <property name="user.language" value="en"/>
    <property name="awt.toolkit" value="sun.awt.windows.WToolkit"/>
    <property name="java.vm.info" value="mixed mode"/>
    <property name="java.version" value="1.8.0_192"/>
    <property name="java.ext.dirs" value="C:\Program Files (x86)\Common Files\MicroStrategy\JRE\180_192\Win64\lib\ext;C:\WINDOWS\Sun\Java\lib\ext"/>
    <property name="sun.boot.class.path" value="C:\Program Files (x86)\Common Files\MicroStrategy\JRE\180_192\Win64\lib\resources.jar;C:\Program Files (x86)\Common Files\MicroStrategy\JRE\180_192\Win64\lib\rt.jar;C:\Program Files (x86)\Common Files\MicroStrategy\JRE\180_192\Win64\lib\sunrsasign.jar;C:\Program Files (x86)\Common Files\MicroStrategy\JRE\180_192\Win64\lib\jsse.jar;C:\Program Files (x86)\Common Files\MicroStrategy\JRE\180_192\Win64\lib\jce.jar;C:\Program Files (x86)\Common Files\MicroStrategy\JRE\180_192\Win64\lib\charsets.jar;C:\Program Files (x86)\Common Files\MicroStrategy\JRE\180_192\Win64\lib\jfr.jar;C:\Program Files (x86)\Common Files\MicroStrategy\JRE\180_192\Win64\classes"/>
    <property name="java.vendor" value="Oracle Corporation"/>
    <property name="maven.home" value="C:\Users\Harish\eclipse-workspace\ww.assessment\EMBEDDED"/>
    <property name="file.separator" value="\"/>
    <property name="java.vendor.url.bug" value="http://bugreport.sun.com/bugreport/"/>
    <property name="sun.cpu.endian" value="little"/>
    <property name="sun.io.unicode.encoding" value="UnicodeLittle"/>
    <property name="sun.desktop" value="windows"/>
    <property name="sun.cpu.isalist" value="amd64"/>
  </properties>
  <testcase name="testHomePageTitle" classname="ww.assessment.TestWWSite" time="0.065"/>
  <testcase name="clickOnWorkShop" classname="ww.assessment.TestWWSite" time="10.366"/>
  <testcase name="searchlocation" classname="ww.assessment.TestWWSite" time="0.984"/>
  <testcase name="clickVerifyLocationName" classname="ww.assessment.TestWWSite" time="1.686"/>
  <testcase name="Meeting" classname="ww.assessment.TestWWSite" time="0.987"/>
</testsuite>