<?xml version="1.0" encoding="UTF-8"?>
<!-- Generated by org.testng.reporters.JUnitReportReporter -->
<testsuite skipped="0" hostname="LAPTOP-GMABHVOV" name="ww.assessment.TestWWSite" tests="5" failures="0" timestamp="2020-07-19T00:12:24 IST" time="14.082" errors="0">
  <testcase name="testHomePageTitle" time="0.063" classname="ww.assessment.TestWWSite"/>
  <system-out/>
  <testcase name="clickOnWorkShop" time="10.367" classname="ww.assessment.TestWWSite"/>
  <system-out/>
  <testcase name="searchlocation" time="0.983" classname="ww.assessment.TestWWSite"/>
  <system-out/>
  <testcase name="clickVerifyLocationName" time="1.684" classname="ww.assessment.TestWWSite"/>
  <system-out/>
  <testcase name="Meeting" time="0.985" classname="ww.assessment.TestWWSite"/>
  <system-out/>
</testsuite> <!-- ww.assessment.TestWWSite -->
